<?xml version="1.0" encoding="UTF-8"?>
<!-- Generated by org.testng.reporters.JUnitReportReporter -->
<testsuite hostname="IM-PC-120" name="HA.TestExecute.NewTest" tests="1" failures="0" timestamp="4 Feb 2016 08:50:11 GMT" time="31.265" errors="0">
  <testcase name="f" time="31.265" classname="HA.TestExecute.NewTest"/>
</testsuite> <!-- HA.TestExecute.NewTest -->
