<?xml version="1.0" encoding="UTF-8"?>
<!-- Generated by org.testng.reporters.JUnitReportReporter -->
<testsuite hostname="IM-PC-120" name="HA.TestExecute.NewTest" tests="1" failures="0" timestamp="20 Jan 2016 07:09:37 GMT" time="27.884" errors="0">
  <testcase name="f" time="27.884" classname="HA.TestExecute.NewTest"/>
</testsuite> <!-- HA.TestExecute.NewTest -->
