<?xml version="1.0" encoding="UTF-8"?>
<!-- Generated by org.testng.reporters.JUnitReportReporter -->
<testsuite hostname="IM-PC-120" name="HA.TestExecute.NewTest" tests="1" failures="0" timestamp="24 Feb 2016 06:53:54 GMT" time="29.053" errors="0">
  <testcase name="f" time="29.053" classname="HA.TestExecute.NewTest"/>
</testsuite> <!-- HA.TestExecute.NewTest -->
