<?xml version="1.0" encoding="UTF-8"?>
<!-- Generated by org.testng.reporters.JUnitReportReporter -->
<testsuite hostname="IM-PC-120" name="HA.TestExecute.NewTest" tests="1" failures="0" timestamp="13 Jan 2016 09:52:53 GMT" time="21.844" errors="0">
  <testcase name="f" time="21.844" classname="HA.TestExecute.NewTest"/>
</testsuite> <!-- HA.TestExecute.NewTest -->
